<?xml version="1.0" encoding="UTF-8"?>
<coverage generated="1709059708482" clover="3.2.0">
  <project timestamp="1709059708482" name="All files">
    <metrics statements="57" coveredstatements="38" conditionals="8" coveredconditionals="5" methods="19" coveredmethods="10" elements="84" coveredelements="53" complexity="0" loc="57" ncloc="57" packages="2" files="3" classes="3"/>
    <package name="components">
      <metrics statements="38" coveredstatements="29" conditionals="8" coveredconditionals="5" methods="14" coveredmethods="9"/>
      <file name="Blog.jsx" path="/Users/kevinsilva/Documents/fullstackopen/part5/bloglist-frontend/src/components/Blog.jsx">
        <metrics statements="16" coveredstatements="9" conditionals="8" coveredconditionals="5" methods="6" coveredmethods="3"/>
        <line num="3" count="1" type="stmt"/>
        <line num="4" count="5" type="stmt"/>
        <line num="5" count="5" type="stmt"/>
        <line num="6" count="2" type="stmt"/>
        <line num="7" count="2" type="stmt"/>
        <line num="8" count="2" type="stmt"/>
        <line num="10" count="0" type="stmt"/>
        <line num="14" count="0" type="stmt"/>
        <line num="21" count="5" type="stmt"/>
        <line num="22" count="0" type="cond" truecount="0" falsecount="2"/>
        <line num="23" count="0" type="stmt"/>
        <line num="24" count="0" type="stmt"/>
        <line num="26" count="0" type="stmt"/>
        <line num="30" count="0" type="stmt"/>
        <line num="38" count="5" type="stmt"/>
        <line num="41" count="2" type="cond" truecount="2" falsecount="0"/>
      </file>
      <file name="BlogForm.jsx" path="/Users/kevinsilva/Documents/fullstackopen/part5/bloglist-frontend/src/components/BlogForm.jsx">
        <metrics statements="22" coveredstatements="20" conditionals="0" coveredconditionals="0" methods="8" coveredmethods="6"/>
        <line num="5" count="37" type="stmt"/>
        <line num="6" count="37" type="stmt"/>
        <line num="7" count="37" type="stmt"/>
        <line num="9" count="37" type="stmt"/>
        <line num="10" count="1" type="stmt"/>
        <line num="11" count="1" type="stmt"/>
        <line num="16" count="1" type="stmt"/>
        <line num="17" count="1" type="stmt"/>
        <line num="18" count="1" type="stmt"/>
        <line num="19" count="1" type="stmt"/>
        <line num="20" count="1" type="stmt"/>
        <line num="24" count="1" type="stmt"/>
        <line num="28" count="1" type="stmt"/>
        <line num="29" count="1" type="stmt"/>
        <line num="30" count="1" type="stmt"/>
        <line num="32" count="0" type="stmt"/>
        <line num="36" count="0" type="stmt"/>
        <line num="42" count="1" type="stmt"/>
        <line num="45" count="37" type="stmt"/>
        <line num="51" count="12" type="stmt"/>
        <line num="55" count="13" type="stmt"/>
        <line num="59" count="10" type="stmt"/>
      </file>
    </package>
    <package name="services">
      <metrics statements="19" coveredstatements="9" conditionals="0" coveredconditionals="0" methods="5" coveredmethods="1"/>
      <file name="blogs.js" path="/Users/kevinsilva/Documents/fullstackopen/part5/bloglist-frontend/src/services/blogs.js">
        <metrics statements="19" coveredstatements="9" conditionals="0" coveredconditionals="0" methods="5" coveredmethods="1"/>
        <line num="2" count="2" type="stmt"/>
        <line num="4" count="2" type="stmt"/>
        <line num="6" count="2" type="stmt"/>
        <line num="7" count="0" type="stmt"/>
        <line num="10" count="2" type="stmt"/>
        <line num="11" count="0" type="stmt"/>
        <line num="12" count="0" type="stmt"/>
        <line num="15" count="2" type="stmt"/>
        <line num="16" count="0" type="stmt"/>
        <line num="19" count="0" type="stmt"/>
        <line num="20" count="0" type="stmt"/>
        <line num="23" count="2" type="stmt"/>
        <line num="24" count="1" type="stmt"/>
        <line num="27" count="1" type="stmt"/>
        <line num="28" count="0" type="stmt"/>
        <line num="31" count="2" type="stmt"/>
        <line num="32" count="0" type="stmt"/>
        <line num="35" count="0" type="stmt"/>
        <line num="36" count="0" type="stmt"/>
      </file>
    </package>
  </project>
</coverage>
