{"/Users/kevinsilva/Documents/fullstackopen/part5/bloglist-frontend/src/components/Blog.jsx": {"path":"/Users/kevinsilva/Documents/fullstackopen/part5/bloglist-frontend/src/components/Blog.jsx","statementMap":{"0":{"start":{"line":3,"column":13},"end":{"line":52,"column":4}},"1":{"start":{"line":4,"column":40},"end":{"line":4,"column":55}},"2":{"start":{"line":5,"column":21},"end":{"line":19,"column":3}},"3":{"start":{"line":6,"column":24},"end":{"line":6,"column":58}},"4":{"start":{"line":7,"column":4},"end":{"line":18,"column":5}},"5":{"start":{"line":8,"column":6},"end":{"line":8,"column":43}},"6":{"start":{"line":10,"column":6},"end":{"line":13,"column":8}},"7":{"start":{"line":14,"column":6},"end":{"line":17,"column":15}},"8":{"start":{"line":14,"column":23},"end":{"line":17,"column":8}},"9":{"start":{"line":21,"column":23},"end":{"line":36,"column":3}},"10":{"start":{"line":22,"column":4},"end":{"line":35,"column":5}},"11":{"start":{"line":23,"column":6},"end":{"line":34,"column":7}},"12":{"start":{"line":24,"column":8},"end":{"line":24,"column":41}},"13":{"start":{"line":26,"column":8},"end":{"line":29,"column":10}},"14":{"start":{"line":30,"column":8},"end":{"line":33,"column":17}},"15":{"start":{"line":30,"column":25},"end":{"line":33,"column":10}},"16":{"start":{"line":38,"column":2},"end":{"line":52,"column":3}},"17":{"start":{"line":41,"column":29},"end":{"line":41,"column":57}}},"fnMap":{"0":{"name":"(anonymous_0)","decl":{"start":{"line":3,"column":13},"end":{"line":3,"column":14}},"loc":{"start":{"line":3,"column":48},"end":{"line":52,"column":4}},"line":3},"1":{"name":"(anonymous_1)","decl":{"start":{"line":5,"column":21},"end":{"line":5,"column":22}},"loc":{"start":{"line":5,"column":33},"end":{"line":19,"column":3}},"line":5},"2":{"name":"(anonymous_2)","decl":{"start":{"line":14,"column":17},"end":{"line":14,"column":18}},"loc":{"start":{"line":14,"column":23},"end":{"line":17,"column":8}},"line":14},"3":{"name":"(anonymous_3)","decl":{"start":{"line":21,"column":23},"end":{"line":21,"column":24}},"loc":{"start":{"line":21,"column":35},"end":{"line":36,"column":3}},"line":21},"4":{"name":"(anonymous_4)","decl":{"start":{"line":30,"column":19},"end":{"line":30,"column":20}},"loc":{"start":{"line":30,"column":25},"end":{"line":33,"column":10}},"line":30},"5":{"name":"(anonymous_5)","decl":{"start":{"line":41,"column":23},"end":{"line":41,"column":24}},"loc":{"start":{"line":41,"column":29},"end":{"line":41,"column":57}},"line":41}},"branchMap":{"0":{"loc":{"start":{"line":22,"column":4},"end":{"line":35,"column":5}},"type":"if","locations":[{"start":{"line":22,"column":4},"end":{"line":35,"column":5}},{"start":{},"end":{}}],"line":22},"1":{"loc":{"start":{"line":41,"column":60},"end":{"line":41,"column":89}},"type":"cond-expr","locations":[{"start":{"line":41,"column":74},"end":{"line":41,"column":80}},{"start":{"line":41,"column":83},"end":{"line":41,"column":89}}],"line":41},"2":{"loc":{"start":{"line":42,"column":7},"end":{"line":47,"column":12}},"type":"binary-expr","locations":[{"start":{"line":42,"column":7},"end":{"line":42,"column":18}},{"start":{"line":42,"column":22},"end":{"line":47,"column":12}}],"line":42},"3":{"loc":{"start":{"line":46,"column":9},"end":{"line":46,"column":86}},"type":"binary-expr","locations":[{"start":{"line":46,"column":9},"end":{"line":46,"column":36}},{"start":{"line":46,"column":40},"end":{"line":46,"column":86}}],"line":46}},"s":{"0":1,"1":5,"2":5,"3":2,"4":2,"5":2,"6":0,"7":0,"8":0,"9":5,"10":0,"11":0,"12":0,"13":0,"14":0,"15":0,"16":5,"17":2},"f":{"0":5,"1":2,"2":0,"3":0,"4":0,"5":2},"b":{"0":[0,0],"1":[2,3],"2":[5,2],"3":[2,0]},"_coverageSchema":"1a1c01bbd47fc00a2c39e90264f33305004495a9","hash":"db678873ffd72f382c23a51de5a74cee351e808a"}
,"/Users/kevinsilva/Documents/fullstackopen/part5/bloglist-frontend/src/components/BlogForm.jsx": {"path":"/Users/kevinsilva/Documents/fullstackopen/part5/bloglist-frontend/src/components/BlogForm.jsx","statementMap":{"0":{"start":{"line":5,"column":28},"end":{"line":5,"column":40}},"1":{"start":{"line":6,"column":30},"end":{"line":6,"column":42}},"2":{"start":{"line":7,"column":24},"end":{"line":7,"column":36}},"3":{"start":{"line":9,"column":23},"end":{"line":43,"column":3}},"4":{"start":{"line":10,"column":4},"end":{"line":10,"column":26}},"5":{"start":{"line":11,"column":17},"end":{"line":15,"column":5}},"6":{"start":{"line":16,"column":20},"end":{"line":41,"column":5}},"7":{"start":{"line":17,"column":6},"end":{"line":40,"column":7}},"8":{"start":{"line":18,"column":24},"end":{"line":18,"column":54}},"9":{"start":{"line":19,"column":8},"end":{"line":19,"column":26}},"10":{"start":{"line":20,"column":8},"end":{"line":23,"column":10}},"11":{"start":{"line":24,"column":8},"end":{"line":27,"column":17}},"12":{"start":{"line":24,"column":25},"end":{"line":27,"column":10}},"13":{"start":{"line":28,"column":8},"end":{"line":28,"column":20}},"14":{"start":{"line":29,"column":8},"end":{"line":29,"column":21}},"15":{"start":{"line":30,"column":8},"end":{"line":30,"column":18}},"16":{"start":{"line":32,"column":8},"end":{"line":35,"column":10}},"17":{"start":{"line":36,"column":8},"end":{"line":39,"column":17}},"18":{"start":{"line":36,"column":25},"end":{"line":39,"column":10}},"19":{"start":{"line":42,"column":4},"end":{"line":42,"column":13}},"20":{"start":{"line":45,"column":2},"end":{"line":64,"column":3}},"21":{"start":{"line":51,"column":57},"end":{"line":51,"column":79}},"22":{"start":{"line":55,"column":58},"end":{"line":55,"column":81}},"23":{"start":{"line":59,"column":55},"end":{"line":59,"column":75}}},"fnMap":{"0":{"name":"BlogForm","decl":{"start":{"line":4,"column":24},"end":{"line":4,"column":32}},"loc":{"start":{"line":4,"column":59},"end":{"line":65,"column":1}},"line":4},"1":{"name":"(anonymous_1)","decl":{"start":{"line":9,"column":23},"end":{"line":9,"column":24}},"loc":{"start":{"line":9,"column":34},"end":{"line":43,"column":3}},"line":9},"2":{"name":"(anonymous_2)","decl":{"start":{"line":16,"column":20},"end":{"line":16,"column":21}},"loc":{"start":{"line":16,"column":32},"end":{"line":41,"column":5}},"line":16},"3":{"name":"(anonymous_3)","decl":{"start":{"line":24,"column":19},"end":{"line":24,"column":20}},"loc":{"start":{"line":24,"column":25},"end":{"line":27,"column":10}},"line":24},"4":{"name":"(anonymous_4)","decl":{"start":{"line":36,"column":19},"end":{"line":36,"column":20}},"loc":{"start":{"line":36,"column":25},"end":{"line":39,"column":10}},"line":36},"5":{"name":"(anonymous_5)","decl":{"start":{"line":51,"column":41},"end":{"line":51,"column":42}},"loc":{"start":{"line":51,"column":57},"end":{"line":51,"column":79}},"line":51},"6":{"name":"(anonymous_6)","decl":{"start":{"line":55,"column":42},"end":{"line":55,"column":43}},"loc":{"start":{"line":55,"column":58},"end":{"line":55,"column":81}},"line":55},"7":{"name":"(anonymous_7)","decl":{"start":{"line":59,"column":39},"end":{"line":59,"column":40}},"loc":{"start":{"line":59,"column":55},"end":{"line":59,"column":75}},"line":59}},"branchMap":{},"s":{"0":37,"1":37,"2":37,"3":37,"4":1,"5":1,"6":1,"7":1,"8":1,"9":1,"10":1,"11":1,"12":0,"13":1,"14":1,"15":1,"16":0,"17":0,"18":0,"19":1,"20":37,"21":12,"22":13,"23":10},"f":{"0":37,"1":1,"2":1,"3":0,"4":0,"5":12,"6":13,"7":10},"b":{},"_coverageSchema":"1a1c01bbd47fc00a2c39e90264f33305004495a9","hash":"c87c42468f53fb64e821f8c688ead0fc72ad0b45"}
,"/Users/kevinsilva/Documents/fullstackopen/part5/bloglist-frontend/src/services/blogs.js": {"path":"/Users/kevinsilva/Documents/fullstackopen/part5/bloglist-frontend/src/services/blogs.js","statementMap":{"0":{"start":{"line":2,"column":16},"end":{"line":2,"column":28}},"1":{"start":{"line":4,"column":12},"end":{"line":4,"column":16}},"2":{"start":{"line":6,"column":24},"end":{"line":8,"column":1}},"3":{"start":{"line":7,"column":2},"end":{"line":7,"column":30}},"4":{"start":{"line":10,"column":15},"end":{"line":13,"column":1}},"5":{"start":{"line":11,"column":19},"end":{"line":11,"column":43}},"6":{"start":{"line":12,"column":2},"end":{"line":12,"column":22}},"7":{"start":{"line":15,"column":15},"end":{"line":21,"column":1}},"8":{"start":{"line":16,"column":17},"end":{"line":18,"column":3}},"9":{"start":{"line":19,"column":19},"end":{"line":19,"column":61}},"10":{"start":{"line":20,"column":2},"end":{"line":20,"column":22}},"11":{"start":{"line":23,"column":15},"end":{"line":29,"column":1}},"12":{"start":{"line":24,"column":17},"end":{"line":26,"column":3}},"13":{"start":{"line":27,"column":19},"end":{"line":27,"column":73}},"14":{"start":{"line":28,"column":2},"end":{"line":28,"column":22}},"15":{"start":{"line":31,"column":15},"end":{"line":37,"column":1}},"16":{"start":{"line":32,"column":17},"end":{"line":34,"column":3}},"17":{"start":{"line":35,"column":19},"end":{"line":35,"column":65}},"18":{"start":{"line":36,"column":2},"end":{"line":36,"column":22}}},"fnMap":{"0":{"name":"(anonymous_0)","decl":{"start":{"line":6,"column":24},"end":{"line":6,"column":25}},"loc":{"start":{"line":6,"column":36},"end":{"line":8,"column":1}},"line":6},"1":{"name":"(anonymous_1)","decl":{"start":{"line":10,"column":15},"end":{"line":10,"column":16}},"loc":{"start":{"line":10,"column":27},"end":{"line":13,"column":1}},"line":10},"2":{"name":"(anonymous_2)","decl":{"start":{"line":15,"column":15},"end":{"line":15,"column":16}},"loc":{"start":{"line":15,"column":34},"end":{"line":21,"column":1}},"line":15},"3":{"name":"(anonymous_3)","decl":{"start":{"line":23,"column":15},"end":{"line":23,"column":16}},"loc":{"start":{"line":23,"column":31},"end":{"line":29,"column":1}},"line":23},"4":{"name":"(anonymous_4)","decl":{"start":{"line":31,"column":15},"end":{"line":31,"column":16}},"loc":{"start":{"line":31,"column":29},"end":{"line":37,"column":1}},"line":31}},"branchMap":{},"s":{"0":2,"1":2,"2":2,"3":0,"4":2,"5":0,"6":0,"7":2,"8":0,"9":0,"10":0,"11":2,"12":1,"13":1,"14":0,"15":2,"16":0,"17":0,"18":0},"f":{"0":0,"1":0,"2":0,"3":1,"4":0},"b":{},"_coverageSchema":"1a1c01bbd47fc00a2c39e90264f33305004495a9","hash":"13e27af93a331974252dc0923c4ca340f9cca750"}
}
