TN:
SF:src/components/Blog.jsx
FN:3,(anonymous_0)
FN:5,(anonymous_1)
FN:14,(anonymous_2)
FN:21,(anonymous_3)
FN:30,(anonymous_4)
FN:41,(anonymous_5)
FNF:6
FNH:3
FNDA:5,(anonymous_0)
FNDA:2,(anonymous_1)
FNDA:0,(anonymous_2)
FNDA:0,(anonymous_3)
FNDA:0,(anonymous_4)
FNDA:2,(anonymous_5)
DA:3,1
DA:4,5
DA:5,5
DA:6,2
DA:7,2
DA:8,2
DA:10,0
DA:14,0
DA:21,5
DA:22,0
DA:23,0
DA:24,0
DA:26,0
DA:30,0
DA:38,5
DA:41,2
LF:16
LH:9
BRDA:22,0,0,0
BRDA:22,0,1,0
BRDA:41,1,0,2
BRDA:41,1,1,3
BRDA:42,2,0,5
BRDA:42,2,1,2
BRDA:46,3,0,2
BRDA:46,3,1,0
BRF:8
BRH:5
end_of_record
TN:
SF:src/components/BlogForm.jsx
FN:4,BlogForm
FN:9,(anonymous_1)
FN:16,(anonymous_2)
FN:24,(anonymous_3)
FN:36,(anonymous_4)
FN:51,(anonymous_5)
FN:55,(anonymous_6)
FN:59,(anonymous_7)
FNF:8
FNH:6
FNDA:37,BlogForm
FNDA:1,(anonymous_1)
FNDA:1,(anonymous_2)
FNDA:0,(anonymous_3)
FNDA:0,(anonymous_4)
FNDA:12,(anonymous_5)
FNDA:13,(anonymous_6)
FNDA:10,(anonymous_7)
DA:5,37
DA:6,37
DA:7,37
DA:9,37
DA:10,1
DA:11,1
DA:16,1
DA:17,1
DA:18,1
DA:19,1
DA:20,1
DA:24,1
DA:28,1
DA:29,1
DA:30,1
DA:32,0
DA:36,0
DA:42,1
DA:45,37
DA:51,12
DA:55,13
DA:59,10
LF:22
LH:20
BRF:0
BRH:0
end_of_record
TN:
SF:src/services/blogs.js
FN:6,(anonymous_0)
FN:10,(anonymous_1)
FN:15,(anonymous_2)
FN:23,(anonymous_3)
FN:31,(anonymous_4)
FNF:5
FNH:1
FNDA:0,(anonymous_0)
FNDA:0,(anonymous_1)
FNDA:0,(anonymous_2)
FNDA:1,(anonymous_3)
FNDA:0,(anonymous_4)
DA:2,2
DA:4,2
DA:6,2
DA:7,0
DA:10,2
DA:11,0
DA:12,0
DA:15,2
DA:16,0
DA:19,0
DA:20,0
DA:23,2
DA:24,1
DA:27,1
DA:28,0
DA:31,2
DA:32,0
DA:35,0
DA:36,0
LF:19
LH:9
BRF:0
BRH:0
end_of_record
